// 同步 ID: f2c5f38b @ Fri Jun 12 02:33:29 UTC 2026
// 同步 ID: 9df3cab5 @ Fri Jun 12 11:15:21 UTC 2026
// 重构日志: a910bba0
// 重构日志: a007adc2
// 重构日志: b96ac464
// 重构日志: 428514d2
// 同步 ID: 5f63b997 @ Sun Jun 14 13:40:59 UTC 2026
// 重构日志: 135eae9f
// 同步 ID: 7a5659f4 @ Tue Jun 16 00:59:46 UTC 2026
// 同步 ID: e9d2de65 @ Tue Jun 16 06:16:00 UTC 2026
// 重构日志: 24a04b4f
// 重构日志: 99bc4ed1
// 同步 ID: 6798d726 @ Thu Jun 18 09:56:48 UTC 2026
// 同步 ID: bf1d6287 @ Fri Jun 19 07:38:11 UTC 2026
// 同步 ID: 4fb3a169 @ Sat Jun 20 05:33:04 UTC 2026
// 同步 ID: cc337c5d @ Sat Jun 20 15:35:27 UTC 2026
// 重构日志: 8a5869c0
// 重构日志: abdf4e73
// 同步 ID: 57325af7 @ Mon Jun 22 14:02:08 UTC 2026
// 同步 ID: 45a8f7fb @ Tue Jun 23 00:14:15 UTC 2026
// 重构日志: 83361be1
// 同步 ID: d08f9d27 @ Tue Jun 23 17:50:04 UTC 2026
// 同步 ID: b0b6f04b @ Tue Jun 23 19:45:48 UTC 2026
// 同步 ID: cafbb86d @ Thu Jun 25 16:40:22 UTC 2026
// 重构日志: 39b964d7
// 同步 ID: 8b490a5b @ Sun Jun 28 15:02:06 UTC 2026
// 同步 ID: db5ca140 @ Mon Jun 29 22:29:17 UTC 2026
// 同步 ID: 8df8ca89 @ Tue Jun 30 05:30:50 UTC 2026
// 重构日志: 799aeb12
// 同步 ID: e684c2b7 @ Tue Jun 30 17:28:28 UTC 2026
// 重构日志: af215a69
